Enter password: Database backup completed successfully.
Uploading /home/zain/Desktop/DevOps-A3/task1/DevOps_assignment3_20231206_073501.sql
File successfully uploaded
Id: 1bgwJdcDpkcVYwjSdfe5FinoTXVDOINh3
Name: DevOps_assignment3_20231206_073501.sql
Mime: application/x-sql
Size: 3.2 KB
Created: 2023-12-05 18:34:42
Modified: 2023-12-05 18:34:42
MD5: db6eedacf9347fabafc5bcd1d97115d7
Shared: False
Parents: 1rmIKbmb94yTcSs3i3qRw1EjJ4mOwaxiQ
ViewUrl: https://drive.google.com/file/d/1bgwJdcDpkcVYwjSdfe5FinoTXVDOINh3/view?usp=drivesdk
Backup file uploaded to Google Drive.
Enter password: Database backup completed successfully.
Uploading /home/zain/Desktop/DevOps-A3/task1/DevOps_assignment3_20231206_074001.sql
Error: Failed to upload file: Token retrieval failed: error creating server listener: Address in use (os error 98)

Backup file uploaded to Google Drive.
Enter password: Database backup completed successfully.
Uploading /home/zain/Desktop/DevOps-A3/task1/DevOps_assignment3_20231206_075001.sql
Error: Failed to upload file: Token retrieval failed: error creating server listener: Address in use (os error 98)

Backup file uploaded to Google Drive.
Enter password: Database backup completed successfully.
Uploading /home/zain/Desktop/DevOps-A3/task1/DevOps_assignment3_20231206_080001.sql
Error: Failed to upload file: Token retrieval failed: error creating server listener: Address in use (os error 98)

Backup file uploaded to Google Drive.
Enter password: Database backup completed successfully.
Uploading /home/zain/Desktop/DevOps-A3/task1/DevOps_assignment3_20231206_081001.sql
Error: Failed to upload file: Token retrieval failed: error creating server listener: Address in use (os error 98)

Backup file uploaded to Google Drive.
Enter password: Database backup completed successfully.
Uploading /home/zain/Desktop/DevOps-A3/task1/DevOps_assignment3_20231206_082001.sql
Error: Failed to upload file: Token retrieval failed: error creating server listener: Address in use (os error 98)

Backup file uploaded to Google Drive.
Enter password: Database backup completed successfully.
Uploading /home/zain/Desktop/DevOps-A3/task1/DevOps_assignment3_20231206_083001.sql
Error: Failed to upload file: Token retrieval failed: error creating server listener: Address in use (os error 98)

Backup file uploaded to Google Drive.
Enter password: Database backup completed successfully.
Uploading /home/zain/Desktop/DevOps-A3/task1/DevOps_assignment3_20231206_084001.sql
Error: Failed to upload file: Token retrieval failed: error creating server listener: Address in use (os error 98)

Backup file uploaded to Google Drive.
Enter password: Database backup completed successfully.
Uploading /home/zain/Desktop/DevOps-A3/task1/DevOps_assignment3_20231206_085001.sql
Error: Failed to upload file: Token retrieval failed: error creating server listener: Address in use (os error 98)

Backup file uploaded to Google Drive.
